0 info it worked if it ends with ok
1 verbose cli [ '/Users/michaelzhangcheng/.nvm/versions/node/v6.9.4/bin/node',
1 verbose cli   '/Users/michaelzhangcheng/.nvm/versions/node/v6.9.4/bin/npm',
1 verbose cli   'run',
1 verbose cli   'start' ]
2 info using npm@3.10.10
3 info using node@v6.9.4
4 verbose run-script [ 'prestart', 'start', 'poststart' ]
5 info lifecycle PHQ-9@0.0.1~prestart: PHQ-9@0.0.1
6 silly lifecycle PHQ-9@0.0.1~prestart: no script for prestart, continuing
7 info lifecycle PHQ-9@0.0.1~start: PHQ-9@0.0.1
8 verbose lifecycle PHQ-9@0.0.1~start: unsafe-perm in lifecycle true
9 verbose lifecycle PHQ-9@0.0.1~start: PATH: /Users/michaelzhangcheng/.nvm/versions/node/v6.9.4/lib/node_modules/npm/bin/node-gyp-bin:/Users/michaelzhangcheng/chengm/quartet-health/node_modules/.bin:/Users/michaelzhangcheng/.nvm/versions/node/v6.9.4/bin:/usr/local/heroku/bin:/Library/Frameworks/Python.framework/Versions/3.4/bin:/usr/local/bin:/usr/bin:/bin:/usr/sbin:/sbin:/usr/local/git/bin:/usr/local/mongodb/bin
10 verbose lifecycle PHQ-9@0.0.1~start: CWD: /Users/michaelzhangcheng/chengm/quartet-health
11 silly lifecycle PHQ-9@0.0.1~start: Args: [ '-c', 'node server/start.js' ]
12 silly lifecycle PHQ-9@0.0.1~start: Returned: code: 1  signal: null
13 info lifecycle PHQ-9@0.0.1~start: Failed to exec start script
14 verbose stack Error: PHQ-9@0.0.1 start: `node server/start.js`
14 verbose stack Exit status 1
14 verbose stack     at EventEmitter.<anonymous> (/Users/michaelzhangcheng/.nvm/versions/node/v6.9.4/lib/node_modules/npm/lib/utils/lifecycle.js:255:16)
14 verbose stack     at emitTwo (events.js:106:13)
14 verbose stack     at EventEmitter.emit (events.js:191:7)
14 verbose stack     at ChildProcess.<anonymous> (/Users/michaelzhangcheng/.nvm/versions/node/v6.9.4/lib/node_modules/npm/lib/utils/spawn.js:40:14)
14 verbose stack     at emitTwo (events.js:106:13)
14 verbose stack     at ChildProcess.emit (events.js:191:7)
14 verbose stack     at maybeClose (internal/child_process.js:877:16)
14 verbose stack     at Process.ChildProcess._handle.onexit (internal/child_process.js:226:5)
15 verbose pkgid PHQ-9@0.0.1
16 verbose cwd /Users/michaelzhangcheng/chengm/quartet-health
17 error Darwin 16.3.0
18 error argv "/Users/michaelzhangcheng/.nvm/versions/node/v6.9.4/bin/node" "/Users/michaelzhangcheng/.nvm/versions/node/v6.9.4/bin/npm" "run" "start"
19 error node v6.9.4
20 error npm  v3.10.10
21 error code ELIFECYCLE
22 error PHQ-9@0.0.1 start: `node server/start.js`
22 error Exit status 1
23 error Failed at the PHQ-9@0.0.1 start script 'node server/start.js'.
23 error Make sure you have the latest version of node.js and npm installed.
23 error If you do, this is most likely a problem with the PHQ-9 package,
23 error not with npm itself.
23 error Tell the author that this fails on your system:
23 error     node server/start.js
23 error You can get information on how to open an issue for this project with:
23 error     npm bugs PHQ-9
23 error Or if that isn't available, you can get their info via:
23 error     npm owner ls PHQ-9
23 error There is likely additional logging output above.
24 verbose exit [ 1, true ]
